0 info it worked if it ends with ok
1 verbose cli [ '/usr/bin/node', '/usr/bin/npm', 'start' ]
2 info using npm@3.5.3
3 info using node@v5.5.0
4 verbose run-script [ 'prestart', 'start', 'poststart' ]
5 info lifecycle HyperServeWeb@0.0.1~prestart: HyperServeWeb@0.0.1
6 silly lifecycle HyperServeWeb@0.0.1~prestart: no script for prestart, continuing
7 info lifecycle HyperServeWeb@0.0.1~start: HyperServeWeb@0.0.1
8 verbose lifecycle HyperServeWeb@0.0.1~start: unsafe-perm in lifecycle true
9 verbose lifecycle HyperServeWeb@0.0.1~start: PATH: /usr/lib/node_modules/npm/bin/node-gyp-bin:/home/imeoer/www/website/node_modules/.bin:/home/imeoer/GOPATH/bin:/home/imeoer/android-sdk-linux/tools:/home/imeoer/jdk/bin:/usr/local/sbin:/usr/local/bin:/usr/bin:/usr/bin/site_perl:/usr/bin/vendor_perl:/usr/bin/core_perl
10 verbose lifecycle HyperServeWeb@0.0.1~start: CWD: /home/imeoer/www/website
11 silly lifecycle HyperServeWeb@0.0.1~start: Args: [ '-c', 'node server.js' ]
12 silly lifecycle HyperServeWeb@0.0.1~start: Returned: code: 1  signal: null
13 info lifecycle HyperServeWeb@0.0.1~start: Failed to exec start script
14 verbose stack Error: HyperServeWeb@0.0.1 start: `node server.js`
14 verbose stack Exit status 1
14 verbose stack     at EventEmitter.<anonymous> (/usr/lib/node_modules/npm/lib/utils/lifecycle.js:232:16)
14 verbose stack     at emitTwo (events.js:100:13)
14 verbose stack     at EventEmitter.emit (events.js:185:7)
14 verbose stack     at ChildProcess.<anonymous> (/usr/lib/node_modules/npm/lib/utils/spawn.js:24:14)
14 verbose stack     at emitTwo (events.js:100:13)
14 verbose stack     at ChildProcess.emit (events.js:185:7)
14 verbose stack     at maybeClose (internal/child_process.js:821:16)
14 verbose stack     at Process.ChildProcess._handle.onexit (internal/child_process.js:211:5)
15 verbose pkgid HyperServeWeb@0.0.1
16 verbose cwd /home/imeoer/www/website
17 error Linux 4.3.3-3-ARCH
18 error argv "/usr/bin/node" "/usr/bin/npm" "start"
19 error node v5.5.0
20 error npm  v3.5.3
21 error code ELIFECYCLE
22 error HyperServeWeb@0.0.1 start: `node server.js`
22 error Exit status 1
23 error Failed at the HyperServeWeb@0.0.1 start script 'node server.js'.
23 error Make sure you have the latest version of node.js and npm installed.
23 error If you do, this is most likely a problem with the HyperServeWeb package,
23 error not with npm itself.
23 error Tell the author that this fails on your system:
23 error     node server.js
23 error You can get information on how to open an issue for this project with:
23 error     npm bugs HyperServeWeb
23 error Or if that isn't available, you can get their info via:
23 error     npm owner ls HyperServeWeb
23 error There is likely additional logging output above.
24 verbose exit [ 1, true ]
